<?xml version="1.0" encoding="UTF-8"?>
<testng-results ignored="0" total="1" passed="1" failed="0" skipped="0">
  <reporter-output>
  </reporter-output>
  <suite started-at="2025-12-01T17:49:05 IST" name="Default suite" finished-at="2025-12-01T17:49:06 IST" duration-ms="1586">
    <groups>
    </groups>
    <test started-at="2025-12-01T17:49:05 IST" name="Default test" finished-at="2025-12-01T17:49:06 IST" duration-ms="1586">
      <class name="authorization_test.Oauth_2_Test">
        <test-method signature="sampleTest()[pri:0, instance:authorization_test.Oauth_2_Test@51399530]" started-at="2025-12-01T17:49:05 IST" name="sampleTest" finished-at="2025-12-01T17:49:06 IST" duration-ms="1553" status="PASS">
          <reporter-output>
          </reporter-output>
        </test-method> <!-- sampleTest -->
      </class> <!-- authorization_test.Oauth_2_Test -->
    </test> <!-- Default test -->
  </suite> <!-- Default suite -->
</testng-results>
