<?xml version="1.0" encoding="UTF-8"?>
<!-- Generated by org.testng.reporters.JUnitReportReporter -->
<testsuite hostname="TYSS-Nithin-GR" failures="0" tests="3" name="datadriventesting.AddMultipleProjectTest" time="0.015" errors="0" timestamp="2024-09-30T10:01:50 IST" skipped="0">
  <testcase classname="datadriventesting.AddMultipleProjectTest" name="sampleTest" time="0.013"/>
  <system-out/>
  <testcase classname="datadriventesting.AddMultipleProjectTest" name="sampleTest" time="0.001"/>
  <system-out/>
  <testcase classname="datadriventesting.AddMultipleProjectTest" name="sampleTest" time="0.001"/>
  <system-out/>
</testsuite> <!-- datadriventesting.AddMultipleProjectTest -->
