<?xml version="1.0" encoding="UTF-8"?>
<!-- Generated by org.testng.reporters.JUnitReportReporter -->
<testsuite hostname="TYSS-Nithin-GR" failures="0" tests="1" name="practicePostRequestTypes.PostReq_Via_HashMapObjectTest" time="1.294" errors="0" timestamp="2024-10-17T15:33:45 IST" skipped="0">
  <testcase classname="practicePostRequestTypes.PostReq_Via_HashMapObjectTest" name="postDataToServer" time="1.294"/>
  <system-out/>
</testsuite> <!-- practicePostRequestTypes.PostReq_Via_HashMapObjectTest -->
